<?xml version="1.0" encoding="UTF-8"?>
<testsuites name="jest tests" tests="1" failures="0" time="4.034">
  <testsuite name="src\App.test.js" errors="0" failures="0" skipped="0" timestamp="2019-12-26T23:54:53" time="2.71" tests="1">
    <testcase classname="-renders without crashing" name="-renders without crashing" time="0.025">
    </testcase>
  </testsuite>
</testsuites>